<?xml version="1.0" encoding="UTF-8"?>
<!-- Generated by org.testng.reporters.JUnitReportReporter -->
<testsuite hostname="DESKTOP-PMV8PQ1" failures="0" tests="1" name="tests.UploadFileTest" time="2.731" errors="0" timestamp="2021-10-27T05:03:50 EET" skipped="0">
  <testcase classname="tests.UploadFileTest" name="UploadFileMethod" time="2.731"/>
</testsuite> <!-- tests.UploadFileTest -->
