<?xml version="1.0" encoding="UTF-8"?>
<!-- Generated by org.testng.reporters.JUnitReportReporter -->
<testsuite hostname="DESKTOP-PMV8PQ1" failures="0" tests="1" name="tests.DynamicLoadingTest" time="11.356" errors="0" timestamp="2021-10-27T05:40:10 EET" skipped="0">
  <testcase classname="tests.DynamicLoadingTest" name="VerifyTextDisplayedCorrect" time="11.356"/>
</testsuite> <!-- tests.DynamicLoadingTest -->
